<?xml version="1.0" encoding="UTF-8"?>
<!-- Generated by org.testng.reporters.JUnitReportReporter -->
<testsuite skipped="0" hostname="Sahana" name="webuildsg.MainPageTest" tests="14" failures="1" timestamp="2020-10-05T07:39:18 SGT" time="20.242" errors="0">
  <testcase name="titletest" time="0.297" classname="webuildsg.MainPageTest"/>
  <system-out/>
  <testcase name="searchdata" time="0.696" classname="webuildsg.MainPageTest"/>
  <system-out/>
  <testcase name="repostests" time="1.063" classname="webuildsg.MainPageTest"/>
  <system-out/>
  <testcase name="eventstests" time="0.918" classname="webuildsg.MainPageTest"/>
  <system-out/>
  <testcase name="actvitiesproglnk" time="1.076" classname="webuildsg.MainPageTest"/>
  <system-out/>
  <testcase name="activeusergroups" time="1.021" classname="webuildsg.MainPageTest"/>
  <system-out/>
  <testcase name="activerepositories" time="0.835" classname="webuildsg.MainPageTest"/>
  <system-out/>
  <testcase name="reposperprogLang" time="1.015" classname="webuildsg.MainPageTest"/>
  <system-out/>
  <testcase name="eventsdayofweek" time="1.627" classname="webuildsg.MainPageTest"/>
  <system-out/>
  <testcase name="eventsperweekofMon" time="0.975" classname="webuildsg.MainPageTest"/>
  <system-out/>
  <testcase name="eventtimeofDay" time="0.931" classname="webuildsg.MainPageTest"/>
  <system-out/>
  <testcase name="eventlocations" time="4.017" classname="webuildsg.MainPageTest"/>
  <system-out/>
  <testcase name="staticnum" time="3.936" classname="webuildsg.MainPageTest"/>
  <system-out/>
  <testcase name="socmediaicons" time="1.835" classname="webuildsg.MainPageTest">
    <failure type="java.lang.AssertionError" message="">
      <![CDATA[java.lang.AssertionError: 
at org.junit.Assert.fail(Assert.java:91)
at org.junit.Assert.assertTrue(Assert.java:43)
at org.junit.Assert.assertTrue(Assert.java:54)
at webuildsg.Pages.MainPage.socialmedialinks(MainPage.java:251)
at webuildsg.MainPageTest.socmediaicons(MainPageTest.java:91)
at sun.reflect.NativeMethodAccessorImpl.invoke0(Native Method)
at sun.reflect.NativeMethodAccessorImpl.invoke(Unknown Source)
at sun.reflect.DelegatingMethodAccessorImpl.invoke(Unknown Source)
at java.lang.reflect.Method.invoke(Unknown Source)
at org.testng.internal.MethodInvocationHelper.invokeMethod(MethodInvocationHelper.java:132)
at org.testng.internal.TestInvoker.invokeMethod(TestInvoker.java:599)
at org.testng.internal.TestInvoker.invokeTestMethod(TestInvoker.java:174)
at org.testng.internal.MethodRunner.runInSequence(MethodRunner.java:46)
at org.testng.internal.TestInvoker$MethodInvocationAgent.invoke(TestInvoker.java:822)
at org.testng.internal.TestInvoker.invokeTestMethods(TestInvoker.java:147)
at org.testng.internal.TestMethodWorker.invokeTestMethods(TestMethodWorker.java:146)
at org.testng.internal.TestMethodWorker.run(TestMethodWorker.java:128)
at java.util.ArrayList.forEach(Unknown Source)
at org.testng.TestRunner.privateRun(TestRunner.java:764)
at org.testng.TestRunner.run(TestRunner.java:585)
at org.testng.SuiteRunner.runTest(SuiteRunner.java:384)
at org.testng.SuiteRunner.runSequentially(SuiteRunner.java:378)
at org.testng.SuiteRunner.privateRun(SuiteRunner.java:337)
at org.testng.SuiteRunner.run(SuiteRunner.java:286)
at org.testng.SuiteRunnerWorker.runSuite(SuiteRunnerWorker.java:53)
at org.testng.SuiteRunnerWorker.run(SuiteRunnerWorker.java:96)
at org.testng.TestNG.runSuitesSequentially(TestNG.java:1218)
at org.testng.TestNG.runSuitesLocally(TestNG.java:1140)
at org.testng.TestNG.runSuites(TestNG.java:1069)
at org.testng.TestNG.run(TestNG.java:1037)
at org.testng.remote.AbstractRemoteTestNG.run(AbstractRemoteTestNG.java:115)
at org.testng.remote.RemoteTestNG.initAndRun(RemoteTestNG.java:251)
at org.testng.remote.RemoteTestNG.main(RemoteTestNG.java:77)
]]>
    </failure>
  </testcase> <!-- socmediaicons -->
  <system-out/>
</testsuite> <!-- webuildsg.MainPageTest -->
